<?xml version="1.0" encoding="UTF-8"?>
<!-- Generated by org.testng.reporters.JUnitReportReporter -->
<testsuite hostname="ace" failures="0" tests="2" name="datas.ExcelData" time="0.009" errors="0" timestamp="2024-01-10T22:19:10 IST" skipped="0">
  <testcase classname="datas.ExcelData" name="testcasedata" time="0.001"/>
  <system-out/>
  <testcase classname="datas.ExcelData" name="testcasedata" time="0.008"/>
  <system-out/>
</testsuite> <!-- datas.ExcelData -->
