<?xml version="1.0" encoding="UTF-8"?>
<!-- Generated by org.testng.reporters.JUnitReportReporter -->
<testsuite hostname="ace" failures="0" tests="1" name="Framework.StandAloneTests" time="26.090" errors="0" timestamp="2024-01-14T21:17:02 IST" skipped="0">
  <testcase classname="Framework.StandAloneTests" name="submitorder" time="26.090"/>
  <system-out/>
</testsuite> <!-- Framework.StandAloneTests -->
